<?xml version="1.0" encoding="UTF-8"?>
<!-- Generated by org.testng.reporters.JUnitXMLReporter -->
<testsuite ignored="0" hostname="ICS-LTP-VELSEL" failures="0" tests="8" name="chrometest" time="110.9" errors="0" timestamp="2023-12-05T18:36:48 NZDT">
  <testcase classname="testCases.Tc_002_LoginTest" name="verify_login" time="7.896"/>
  <testcase classname="testCases.TC_003_LoginDDT" name="verify_loginDDT" time="3.344"/>
  <testcase classname="testCases.TC_003_LoginDDT" name="verify_loginDDT" time="13.676"/>
  <testcase classname="testCases.TC_003_LoginDDT" name="verify_loginDDT" time="13.801"/>
  <testcase classname="testCases.TC_003_LoginDDT" name="verify_loginDDT" time="13.866"/>
  <testcase classname="testCases.TC_003_LoginDDT" name="verify_loginDDT" time="3.655"/>
  <testcase classname="testCases.TC_004_logout" name="verify_logout" time="15.673"/>
  <testcase classname="testCases.TC_001_verify_account_registration" name="verify_account_reg" time="6.255"/>
</testsuite> <!-- chrometest -->
