<?xml version="1.0" encoding="UTF-8"?>
<!-- Generated by org.testng.reporters.JUnitXMLReporter -->
<testsuite ignored="0" hostname="ICS-LTP-VELSEL" failures="0" tests="8" name="chrometest" time="98.875" errors="0" timestamp="2023-12-08T06:48:08 NZDT">
  <testcase classname="testCases.Tc_002_LoginTest" name="verify_login" time="3.684"/>
  <testcase classname="testCases.TC_003_LoginDDT" name="verify_loginDDT" time="3.458"/>
  <testcase classname="testCases.TC_003_LoginDDT" name="verify_loginDDT" time="13.895"/>
  <testcase classname="testCases.TC_003_LoginDDT" name="verify_loginDDT" time="13.959"/>
  <testcase classname="testCases.TC_003_LoginDDT" name="verify_loginDDT" time="14.085"/>
  <testcase classname="testCases.TC_003_LoginDDT" name="verify_loginDDT" time="3.41"/>
  <testcase classname="testCases.TC_004_logout" name="verify_logout" time="13.665"/>
  <testcase classname="testCases.TC_001_verify_account_registration" name="verify_account_reg" time="4.297"/>
</testsuite> <!-- chrometest -->
