<?xml version="1.0" encoding="UTF-8"?>
<testng-results ignored="0" total="8" passed="8" failed="0" skipped="0">
  <reporter-output>
  </reporter-output>
  <suite started-at="2023-12-08T06:46:20 NZDT" name="Suite" finished-at="2023-12-08T06:47:59 NZDT" duration-ms="98875">
    <groups>
      <group name="logout">
        <method signature="TC_004_logout.verify_logout()[pri:0, instance:testCases.TC_004_logout@52bf72b5]" name="verify_logout" class="testCases.TC_004_logout"/>
      </group> <!-- logout -->
      <group name="functional">
        <method signature="TC_003_LoginDDT.verify_loginDDT(java.lang.String,java.lang.String,java.lang.String)[pri:0, instance:testCases.TC_003_LoginDDT@6d763516]" name="verify_loginDDT" class="testCases.TC_003_LoginDDT"/>
      </group> <!-- functional -->
      <group name="regression">
        <method signature="TC_001_verify_account_registration.verify_account_reg()[pri:1, instance:testCases.TC_001_verify_account_registration@9f116cc]" name="verify_account_reg" class="testCases.TC_001_verify_account_registration"/>
      </group> <!-- regression -->
      <group name="sanity">
        <method signature="Tc_002_LoginTest.verify_login()[pri:0, instance:testCases.Tc_002_LoginTest@2a798d51]" name="verify_login" class="testCases.Tc_002_LoginTest"/>
      </group> <!-- sanity -->
      <group name="master">
        <method signature="Tc_002_LoginTest.verify_login()[pri:0, instance:testCases.Tc_002_LoginTest@2a798d51]" name="verify_login" class="testCases.Tc_002_LoginTest"/>
        <method signature="TC_001_verify_account_registration.verify_account_reg()[pri:1, instance:testCases.TC_001_verify_account_registration@9f116cc]" name="verify_account_reg" class="testCases.TC_001_verify_account_registration"/>
      </group> <!-- master -->
    </groups>
    <test started-at="2023-12-08T06:46:20 NZDT" name="chrometest" finished-at="2023-12-08T06:47:59 NZDT" duration-ms="98875">
      <class name="testCases.Tc_002_LoginTest">
        <test-method is-config="true" signature="setup(java.lang.String,java.lang.String)[pri:0, instance:testCases.Tc_002_LoginTest@2a798d51]" started-at="2023-12-08T06:46:20 NZDT" name="setup" finished-at="2023-12-08T06:46:31 NZDT" duration-ms="11060" status="PASS">
          <params>
            <param index="0">
              <value>
                <![CDATA[Windows]]>
              </value>
            </param>
            <param index="1">
              <value>
                <![CDATA[chrome]]>
              </value>
            </param>
          </params>
          <reporter-output>
          </reporter-output>
        </test-method> <!-- setup -->
        <test-method signature="verify_login()[pri:0, instance:testCases.Tc_002_LoginTest@2a798d51]" started-at="2023-12-08T06:46:31 NZDT" name="verify_login" finished-at="2023-12-08T06:46:35 NZDT" duration-ms="3684" status="PASS">
          <reporter-output>
          </reporter-output>
        </test-method> <!-- verify_login -->
        <test-method is-config="true" signature="teardown()[pri:0, instance:testCases.Tc_002_LoginTest@2a798d51]" started-at="2023-12-08T06:46:35 NZDT" name="teardown" finished-at="2023-12-08T06:46:35 NZDT" duration-ms="318" status="PASS">
          <reporter-output>
          </reporter-output>
        </test-method> <!-- teardown -->
      </class> <!-- testCases.Tc_002_LoginTest -->
      <class name="testCases.TC_004_logout">
        <test-method is-config="true" signature="setup(java.lang.String,java.lang.String)[pri:0, instance:testCases.TC_004_logout@52bf72b5]" started-at="2023-12-08T06:47:31 NZDT" name="setup" finished-at="2023-12-08T06:47:36 NZDT" duration-ms="4508" status="PASS">
          <params>
            <param index="0">
              <value>
                <![CDATA[Windows]]>
              </value>
            </param>
            <param index="1">
              <value>
                <![CDATA[chrome]]>
              </value>
            </param>
          </params>
          <reporter-output>
          </reporter-output>
        </test-method> <!-- setup -->
        <test-method signature="verify_logout()[pri:0, instance:testCases.TC_004_logout@52bf72b5]" started-at="2023-12-08T06:47:36 NZDT" name="verify_logout" finished-at="2023-12-08T06:47:49 NZDT" duration-ms="13665" status="PASS">
          <reporter-output>
          </reporter-output>
        </test-method> <!-- verify_logout -->
        <test-method is-config="true" signature="teardown()[pri:0, instance:testCases.TC_004_logout@52bf72b5]" started-at="2023-12-08T06:47:49 NZDT" name="teardown" finished-at="2023-12-08T06:47:50 NZDT" duration-ms="339" status="PASS">
          <reporter-output>
          </reporter-output>
        </test-method> <!-- teardown -->
      </class> <!-- testCases.TC_004_logout -->
      <class name="testCases.TC_003_LoginDDT">
        <test-method is-config="true" signature="setup(java.lang.String,java.lang.String)[pri:0, instance:testCases.TC_003_LoginDDT@6d763516]" started-at="2023-12-08T06:46:35 NZDT" name="setup" finished-at="2023-12-08T06:46:40 NZDT" duration-ms="4311" status="PASS">
          <params>
            <param index="0">
              <value>
                <![CDATA[Windows]]>
              </value>
            </param>
            <param index="1">
              <value>
                <![CDATA[chrome]]>
              </value>
            </param>
          </params>
          <reporter-output>
          </reporter-output>
        </test-method> <!-- setup -->
        <test-method signature="verify_loginDDT(java.lang.String,java.lang.String,java.lang.String)[pri:0, instance:testCases.TC_003_LoginDDT@6d763516]" started-at="2023-12-08T06:46:42 NZDT" name="verify_loginDDT" data-provider="Logindata" finished-at="2023-12-08T06:46:45 NZDT" duration-ms="3458" status="PASS">
          <params>
            <param index="0">
              <value>
                <![CDATA[ovi204@gmail.com]]>
              </value>
            </param>
            <param index="1">
              <value>
                <![CDATA[ovi204]]>
              </value>
            </param>
            <param index="2">
              <value>
                <![CDATA[Valid]]>
              </value>
            </param>
          </params>
          <reporter-output>
          </reporter-output>
        </test-method> <!-- verify_loginDDT -->
        <test-method signature="verify_loginDDT(java.lang.String,java.lang.String,java.lang.String)[pri:0, instance:testCases.TC_003_LoginDDT@6d763516]" started-at="2023-12-08T06:46:45 NZDT" name="verify_loginDDT" data-provider="Logindata" finished-at="2023-12-08T06:46:59 NZDT" duration-ms="13895" status="PASS">
          <params>
            <param index="0">
              <value>
                <![CDATA[mamtha@gmail.com]]>
              </value>
            </param>
            <param index="1">
              <value>
                <![CDATA[Laxmi]]>
              </value>
            </param>
            <param index="2">
              <value>
                <![CDATA[Invalid]]>
              </value>
            </param>
          </params>
          <reporter-output>
          </reporter-output>
        </test-method> <!-- verify_loginDDT -->
        <test-method signature="verify_loginDDT(java.lang.String,java.lang.String,java.lang.String)[pri:0, instance:testCases.TC_003_LoginDDT@6d763516]" started-at="2023-12-08T06:46:59 NZDT" name="verify_loginDDT" data-provider="Logindata" finished-at="2023-12-08T06:47:13 NZDT" duration-ms="13959" status="PASS">
          <params>
            <param index="0">
              <value>
                <![CDATA[laksh@yahoo.com]]>
              </value>
            </param>
            <param index="1">
              <value>
                <![CDATA[ovi204]]>
              </value>
            </param>
            <param index="2">
              <value>
                <![CDATA[Invalid]]>
              </value>
            </param>
          </params>
          <reporter-output>
          </reporter-output>
        </test-method> <!-- verify_loginDDT -->
        <test-method signature="verify_loginDDT(java.lang.String,java.lang.String,java.lang.String)[pri:0, instance:testCases.TC_003_LoginDDT@6d763516]" started-at="2023-12-08T06:47:13 NZDT" name="verify_loginDDT" data-provider="Logindata" finished-at="2023-12-08T06:47:27 NZDT" duration-ms="14085" status="PASS">
          <params>
            <param index="0">
              <value>
                <![CDATA[ovi204@gmail.com]]>
              </value>
            </param>
            <param index="1">
              <value>
                <![CDATA[xyz]]>
              </value>
            </param>
            <param index="2">
              <value>
                <![CDATA[Invalid]]>
              </value>
            </param>
          </params>
          <reporter-output>
          </reporter-output>
        </test-method> <!-- verify_loginDDT -->
        <test-method signature="verify_loginDDT(java.lang.String,java.lang.String,java.lang.String)[pri:0, instance:testCases.TC_003_LoginDDT@6d763516]" started-at="2023-12-08T06:47:27 NZDT" name="verify_loginDDT" data-provider="Logindata" finished-at="2023-12-08T06:47:31 NZDT" duration-ms="3410" status="PASS">
          <params>
            <param index="0">
              <value>
                <![CDATA[abc123@gmail.com]]>
              </value>
            </param>
            <param index="1">
              <value>
                <![CDATA[test@123]]>
              </value>
            </param>
            <param index="2">
              <value>
                <![CDATA[Valid]]>
              </value>
            </param>
          </params>
          <reporter-output>
          </reporter-output>
        </test-method> <!-- verify_loginDDT -->
        <test-method is-config="true" signature="teardown()[pri:0, instance:testCases.TC_003_LoginDDT@6d763516]" started-at="2023-12-08T06:47:31 NZDT" name="teardown" finished-at="2023-12-08T06:47:31 NZDT" duration-ms="375" status="PASS">
          <reporter-output>
          </reporter-output>
        </test-method> <!-- teardown -->
      </class> <!-- testCases.TC_003_LoginDDT -->
      <class name="testCases.TC_001_verify_account_registration">
        <test-method is-config="true" signature="setup(java.lang.String,java.lang.String)[pri:0, instance:testCases.TC_001_verify_account_registration@9f116cc]" started-at="2023-12-08T06:47:50 NZDT" name="setup" finished-at="2023-12-08T06:47:54 NZDT" duration-ms="4406" status="PASS">
          <params>
            <param index="0">
              <value>
                <![CDATA[Windows]]>
              </value>
            </param>
            <param index="1">
              <value>
                <![CDATA[chrome]]>
              </value>
            </param>
          </params>
          <reporter-output>
          </reporter-output>
        </test-method> <!-- setup -->
        <test-method signature="verify_account_reg()[pri:1, instance:testCases.TC_001_verify_account_registration@9f116cc]" started-at="2023-12-08T06:47:54 NZDT" name="verify_account_reg" finished-at="2023-12-08T06:47:58 NZDT" duration-ms="4297" status="PASS">
          <reporter-output>
          </reporter-output>
        </test-method> <!-- verify_account_reg -->
        <test-method is-config="true" signature="teardown()[pri:0, instance:testCases.TC_001_verify_account_registration@9f116cc]" started-at="2023-12-08T06:47:58 NZDT" name="teardown" finished-at="2023-12-08T06:47:59 NZDT" duration-ms="343" status="PASS">
          <reporter-output>
          </reporter-output>
        </test-method> <!-- teardown -->
      </class> <!-- testCases.TC_001_verify_account_registration -->
    </test> <!-- chrometest -->
  </suite> <!-- Suite -->
</testng-results>
