<?xml version="1.0" encoding="UTF-8"?>
<testng-results ignored="0" total="8" passed="8" failed="0" skipped="0">
  <reporter-output>
  </reporter-output>
  <suite started-at="2023-12-05T18:34:54 NZDT" name="Suite" finished-at="2023-12-05T18:36:45 NZDT" duration-ms="110900">
    <groups>
      <group name="logout">
        <method signature="TC_004_logout.verify_logout()[pri:0, instance:testCases.TC_004_logout@3c46e67a]" name="verify_logout" class="testCases.TC_004_logout"/>
      </group> <!-- logout -->
      <group name="functional">
        <method signature="TC_003_LoginDDT.verify_loginDDT(java.lang.String,java.lang.String,java.lang.String)[pri:0, instance:testCases.TC_003_LoginDDT@6c6cb480]" name="verify_loginDDT" class="testCases.TC_003_LoginDDT"/>
      </group> <!-- functional -->
      <group name="regression">
        <method signature="TC_001_verify_account_registration.verify_account_reg()[pri:1, instance:testCases.TC_001_verify_account_registration@4afcd809]" name="verify_account_reg" class="testCases.TC_001_verify_account_registration"/>
      </group> <!-- regression -->
      <group name="sanity">
        <method signature="Tc_002_LoginTest.verify_login()[pri:0, instance:testCases.Tc_002_LoginTest@408d971b]" name="verify_login" class="testCases.Tc_002_LoginTest"/>
      </group> <!-- sanity -->
      <group name="master">
        <method signature="Tc_002_LoginTest.verify_login()[pri:0, instance:testCases.Tc_002_LoginTest@408d971b]" name="verify_login" class="testCases.Tc_002_LoginTest"/>
        <method signature="TC_001_verify_account_registration.verify_account_reg()[pri:1, instance:testCases.TC_001_verify_account_registration@4afcd809]" name="verify_account_reg" class="testCases.TC_001_verify_account_registration"/>
      </group> <!-- master -->
    </groups>
    <test started-at="2023-12-05T18:34:54 NZDT" name="chrometest" finished-at="2023-12-05T18:36:45 NZDT" duration-ms="110900">
      <class name="testCases.Tc_002_LoginTest">
        <test-method is-config="true" signature="setup(java.lang.String,java.lang.String)[pri:0, instance:testCases.Tc_002_LoginTest@408d971b]" started-at="2023-12-05T18:34:55 NZDT" name="setup" finished-at="2023-12-05T18:35:06 NZDT" duration-ms="10853" status="PASS">
          <params>
            <param index="0">
              <value>
                <![CDATA[Windows]]>
              </value>
            </param>
            <param index="1">
              <value>
                <![CDATA[chrome]]>
              </value>
            </param>
          </params>
          <reporter-output>
          </reporter-output>
        </test-method> <!-- setup -->
        <test-method signature="verify_login()[pri:0, instance:testCases.Tc_002_LoginTest@408d971b]" started-at="2023-12-05T18:35:06 NZDT" name="verify_login" finished-at="2023-12-05T18:35:14 NZDT" duration-ms="7896" status="PASS">
          <reporter-output>
          </reporter-output>
        </test-method> <!-- verify_login -->
        <test-method is-config="true" signature="teardown()[pri:0, instance:testCases.Tc_002_LoginTest@408d971b]" started-at="2023-12-05T18:35:14 NZDT" name="teardown" finished-at="2023-12-05T18:35:14 NZDT" duration-ms="227" status="PASS">
          <reporter-output>
          </reporter-output>
        </test-method> <!-- teardown -->
      </class> <!-- testCases.Tc_002_LoginTest -->
      <class name="testCases.TC_004_logout">
        <test-method is-config="true" signature="setup(java.lang.String,java.lang.String)[pri:0, instance:testCases.TC_004_logout@3c46e67a]" started-at="2023-12-05T18:36:11 NZDT" name="setup" finished-at="2023-12-05T18:36:17 NZDT" duration-ms="5956" status="PASS">
          <params>
            <param index="0">
              <value>
                <![CDATA[Windows]]>
              </value>
            </param>
            <param index="1">
              <value>
                <![CDATA[chrome]]>
              </value>
            </param>
          </params>
          <reporter-output>
          </reporter-output>
        </test-method> <!-- setup -->
        <test-method signature="verify_logout()[pri:0, instance:testCases.TC_004_logout@3c46e67a]" started-at="2023-12-05T18:36:17 NZDT" name="verify_logout" finished-at="2023-12-05T18:36:32 NZDT" duration-ms="15673" status="PASS">
          <reporter-output>
          </reporter-output>
        </test-method> <!-- verify_logout -->
        <test-method is-config="true" signature="teardown()[pri:0, instance:testCases.TC_004_logout@3c46e67a]" started-at="2023-12-05T18:36:32 NZDT" name="teardown" finished-at="2023-12-05T18:36:33 NZDT" duration-ms="326" status="PASS">
          <reporter-output>
          </reporter-output>
        </test-method> <!-- teardown -->
      </class> <!-- testCases.TC_004_logout -->
      <class name="testCases.TC_003_LoginDDT">
        <test-method is-config="true" signature="setup(java.lang.String,java.lang.String)[pri:0, instance:testCases.TC_003_LoginDDT@6c6cb480]" started-at="2023-12-05T18:35:14 NZDT" name="setup" finished-at="2023-12-05T18:35:19 NZDT" duration-ms="4782" status="PASS">
          <params>
            <param index="0">
              <value>
                <![CDATA[Windows]]>
              </value>
            </param>
            <param index="1">
              <value>
                <![CDATA[chrome]]>
              </value>
            </param>
          </params>
          <reporter-output>
          </reporter-output>
        </test-method> <!-- setup -->
        <test-method signature="verify_loginDDT(java.lang.String,java.lang.String,java.lang.String)[pri:0, instance:testCases.TC_003_LoginDDT@6c6cb480]" started-at="2023-12-05T18:35:22 NZDT" name="verify_loginDDT" data-provider="Logindata" finished-at="2023-12-05T18:35:25 NZDT" duration-ms="3344" status="PASS">
          <params>
            <param index="0">
              <value>
                <![CDATA[ovi204@gmail.com]]>
              </value>
            </param>
            <param index="1">
              <value>
                <![CDATA[ovi204]]>
              </value>
            </param>
            <param index="2">
              <value>
                <![CDATA[Valid]]>
              </value>
            </param>
          </params>
          <reporter-output>
          </reporter-output>
        </test-method> <!-- verify_loginDDT -->
        <test-method signature="verify_loginDDT(java.lang.String,java.lang.String,java.lang.String)[pri:0, instance:testCases.TC_003_LoginDDT@6c6cb480]" started-at="2023-12-05T18:35:25 NZDT" name="verify_loginDDT" data-provider="Logindata" finished-at="2023-12-05T18:35:39 NZDT" duration-ms="13676" status="PASS">
          <params>
            <param index="0">
              <value>
                <![CDATA[mamtha@gmail.com]]>
              </value>
            </param>
            <param index="1">
              <value>
                <![CDATA[Laxmi]]>
              </value>
            </param>
            <param index="2">
              <value>
                <![CDATA[Invalid]]>
              </value>
            </param>
          </params>
          <reporter-output>
          </reporter-output>
        </test-method> <!-- verify_loginDDT -->
        <test-method signature="verify_loginDDT(java.lang.String,java.lang.String,java.lang.String)[pri:0, instance:testCases.TC_003_LoginDDT@6c6cb480]" started-at="2023-12-05T18:35:39 NZDT" name="verify_loginDDT" data-provider="Logindata" finished-at="2023-12-05T18:35:53 NZDT" duration-ms="13801" status="PASS">
          <params>
            <param index="0">
              <value>
                <![CDATA[laksh@yahoo.com]]>
              </value>
            </param>
            <param index="1">
              <value>
                <![CDATA[ovi204]]>
              </value>
            </param>
            <param index="2">
              <value>
                <![CDATA[Invalid]]>
              </value>
            </param>
          </params>
          <reporter-output>
          </reporter-output>
        </test-method> <!-- verify_loginDDT -->
        <test-method signature="verify_loginDDT(java.lang.String,java.lang.String,java.lang.String)[pri:0, instance:testCases.TC_003_LoginDDT@6c6cb480]" started-at="2023-12-05T18:35:53 NZDT" name="verify_loginDDT" data-provider="Logindata" finished-at="2023-12-05T18:36:07 NZDT" duration-ms="13866" status="PASS">
          <params>
            <param index="0">
              <value>
                <![CDATA[ovi204@gmail.com]]>
              </value>
            </param>
            <param index="1">
              <value>
                <![CDATA[xyz]]>
              </value>
            </param>
            <param index="2">
              <value>
                <![CDATA[Invalid]]>
              </value>
            </param>
          </params>
          <reporter-output>
          </reporter-output>
        </test-method> <!-- verify_loginDDT -->
        <test-method signature="verify_loginDDT(java.lang.String,java.lang.String,java.lang.String)[pri:0, instance:testCases.TC_003_LoginDDT@6c6cb480]" started-at="2023-12-05T18:36:07 NZDT" name="verify_loginDDT" data-provider="Logindata" finished-at="2023-12-05T18:36:10 NZDT" duration-ms="3655" status="PASS">
          <params>
            <param index="0">
              <value>
                <![CDATA[abc123@gmail.com]]>
              </value>
            </param>
            <param index="1">
              <value>
                <![CDATA[test@123]]>
              </value>
            </param>
            <param index="2">
              <value>
                <![CDATA[Valid]]>
              </value>
            </param>
          </params>
          <reporter-output>
          </reporter-output>
        </test-method> <!-- verify_loginDDT -->
        <test-method is-config="true" signature="teardown()[pri:0, instance:testCases.TC_003_LoginDDT@6c6cb480]" started-at="2023-12-05T18:36:10 NZDT" name="teardown" finished-at="2023-12-05T18:36:11 NZDT" duration-ms="443" status="PASS">
          <reporter-output>
          </reporter-output>
        </test-method> <!-- teardown -->
      </class> <!-- testCases.TC_003_LoginDDT -->
      <class name="testCases.TC_001_verify_account_registration">
        <test-method is-config="true" signature="setup(java.lang.String,java.lang.String)[pri:0, instance:testCases.TC_001_verify_account_registration@4afcd809]" started-at="2023-12-05T18:36:33 NZDT" name="setup" finished-at="2023-12-05T18:36:39 NZDT" duration-ms="6078" status="PASS">
          <params>
            <param index="0">
              <value>
                <![CDATA[Windows]]>
              </value>
            </param>
            <param index="1">
              <value>
                <![CDATA[chrome]]>
              </value>
            </param>
          </params>
          <reporter-output>
          </reporter-output>
        </test-method> <!-- setup -->
        <test-method signature="verify_account_reg()[pri:1, instance:testCases.TC_001_verify_account_registration@4afcd809]" started-at="2023-12-05T18:36:39 NZDT" name="verify_account_reg" finished-at="2023-12-05T18:36:45 NZDT" duration-ms="6255" status="PASS">
          <reporter-output>
          </reporter-output>
        </test-method> <!-- verify_account_reg -->
        <test-method is-config="true" signature="teardown()[pri:0, instance:testCases.TC_001_verify_account_registration@4afcd809]" started-at="2023-12-05T18:36:45 NZDT" name="teardown" finished-at="2023-12-05T18:36:45 NZDT" duration-ms="287" status="PASS">
          <reporter-output>
          </reporter-output>
        </test-method> <!-- teardown -->
      </class> <!-- testCases.TC_001_verify_account_registration -->
    </test> <!-- chrometest -->
  </suite> <!-- Suite -->
</testng-results>
